584241416948:ENCOLADO ans_b03ae4d7-08f4-4d0a-b6e0-cc019c0a1311
584241416948:EJECUTANDO
584241416948:SUCCESS
584241416948:ENCOLADO ans_e2ca8b44-75c1-4da2-8227-e61147983866
584241416948:EJECUTANDO
584241416948:ENCOLADO ans_3cb9a752-db64-456a-b94c-3cc0650f367e
584241416948:ENCOLADO ans_3cb9a752-db64-456a-b94c-3cc0650f367e
584241416948:ENCOLADO ans_e2ca8b44-75c1-4da2-8227-e61147983866
584241416948:ENCOLADO ans_e2ca8b44-75c1-4da2-8227-e61147983866
584241416948:ERROR: "timeout"
584241416948:SUCCESS
584241416948:ENCOLADO ans_9d920ed0-959b-42b5-8e42-ffdcd7943f2d
584241416948:SUCCESS
584241416948:ENCOLADO ans_9d920ed0-959b-42b5-8e42-ffdcd7943f2d
584241416948:ERROR: {"code":"MODULE_NOT_FOUND","requireStack":["C:\\Users\\User\\desktop\\bot\\base-baileys-json\\app.js"]}
584241416948:ERROR: {"code":"MODULE_NOT_FOUND","requireStack":["C:\\Users\\User\\desktop\\bot\\base-baileys-json\\app.js"]}
584241416948:SUCCESS
584241416948:SUCCESS
584128203973:ENCOLADO ans_e2ca8b44-75c1-4da2-8227-e61147983866
584128203973:EJECUTANDO
584128203973:SUCCESS
584128203973:ENCOLADO ans_9d920ed0-959b-42b5-8e42-ffdcd7943f2d
584128203973:SUCCESS
584128203973:ENCOLADO ans_b69af98d-5700-41ae-ae33-5275b0eefa3d
584128203973:EJECUTANDO
584128203973:SUCCESS
584128203973:ENCOLADO ans_9e13d672-c5f3-4dbe-b312-186c5fdb3577
584128203973:EJECUTANDO
584128203973:SUCCESS
